INFO:     Started server process [27796]
INFO:     Waiting for application startup.
INFO  [alembic.runtime.migration] Context impl PostgresqlImpl.
INFO  [alembic.runtime.migration] Will assume transactional DDL.
2026-07-22 17:25:41  INFO      uvicorn.error  Uvicorn running on http://0.0.0.0:8000 (Press CTRL+C to quit)
2026-07-22 17:25:41  INFO      uvicorn.error  Started reloader process [25316] using StatReload
2026-07-22 18:25:42  INFO      uvicorn.error  Started server process [34796]
2026-07-22 18:25:42  INFO      uvicorn.error  Waiting for application startup.
2026-07-22 18:25:42  INFO      alembic.runtime.plugins  setup plugin alembic.autogenerate.schemas
2026-07-22 18:25:42  INFO      alembic.runtime.plugins  setup plugin alembic.autogenerate.tables
2026-07-22 18:25:42  INFO      alembic.runtime.plugins  setup plugin alembic.autogenerate.types
2026-07-22 18:25:42  INFO      alembic.runtime.plugins  setup plugin alembic.autogenerate.constraints
2026-07-22 18:25:42  INFO      alembic.runtime.plugins  setup plugin alembic.autogenerate.defaults
2026-07-22 18:25:42  INFO      alembic.runtime.plugins  setup plugin alembic.autogenerate.comments
2026-07-22 17:32:28  WARNING   uvicorn.error  StatReload detected changes in 'app\main.py'. Reloading...
2026-07-22 18:32:29  INFO      uvicorn.error  Started server process [23536]
2026-07-22 18:32:29  INFO      uvicorn.error  Waiting for application startup.
2026-07-22 18:32:30  INFO      alembic.runtime.plugins  setup plugin alembic.autogenerate.schemas
2026-07-22 18:32:30  INFO      alembic.runtime.plugins  setup plugin alembic.autogenerate.tables
2026-07-22 18:32:30  INFO      alembic.runtime.plugins  setup plugin alembic.autogenerate.types
2026-07-22 18:32:30  INFO      alembic.runtime.plugins  setup plugin alembic.autogenerate.constraints
2026-07-22 18:32:30  INFO      alembic.runtime.plugins  setup plugin alembic.autogenerate.defaults
2026-07-22 18:32:30  INFO      alembic.runtime.plugins  setup plugin alembic.autogenerate.comments
2026-07-22 17:32:34  WARNING   uvicorn.error  StatReload detected changes in 'app\services\real_backend.py'. Reloading...
2026-07-22 18:32:36  INFO      uvicorn.error  Started server process [13024]
2026-07-22 18:32:36  INFO      uvicorn.error  Waiting for application startup.
2026-07-22 18:32:37  INFO      alembic.runtime.plugins  setup plugin alembic.autogenerate.schemas
2026-07-22 18:32:37  INFO      alembic.runtime.plugins  setup plugin alembic.autogenerate.tables
2026-07-22 18:32:37  INFO      alembic.runtime.plugins  setup plugin alembic.autogenerate.types
2026-07-22 18:32:37  INFO      alembic.runtime.plugins  setup plugin alembic.autogenerate.constraints
2026-07-22 18:32:37  INFO      alembic.runtime.plugins  setup plugin alembic.autogenerate.defaults
2026-07-22 18:32:37  INFO      alembic.runtime.plugins  setup plugin alembic.autogenerate.comments
2026-07-22 17:33:58  INFO      uvicorn.error  Stopping reloader process [25316]
2026-07-22 17:34:00  INFO      uvicorn.error  Uvicorn running on http://0.0.0.0:8000 (Press CTRL+C to quit)
2026-07-22 17:34:00  INFO      uvicorn.error  Started reloader process [7604] using StatReload
2026-07-22 18:34:01  INFO      uvicorn.error  Started server process [23172]
2026-07-22 18:34:01  INFO      uvicorn.error  Waiting for application startup.
2026-07-22 18:34:02  INFO      alembic.runtime.plugins  setup plugin alembic.autogenerate.schemas
2026-07-22 18:34:02  INFO      alembic.runtime.plugins  setup plugin alembic.autogenerate.tables
2026-07-22 18:34:02  INFO      alembic.runtime.plugins  setup plugin alembic.autogenerate.types
2026-07-22 18:34:02  INFO      alembic.runtime.plugins  setup plugin alembic.autogenerate.constraints
2026-07-22 18:34:02  INFO      alembic.runtime.plugins  setup plugin alembic.autogenerate.defaults
2026-07-22 18:34:02  INFO      alembic.runtime.plugins  setup plugin alembic.autogenerate.comments
2026-07-22 17:45:04  INFO      uvicorn.error  Stopping reloader process [7604]
2026-07-23 02:00:34  INFO      uvicorn.error  Uvicorn running on http://127.0.0.1:8000 (Press CTRL+C to quit)
2026-07-23 02:00:34  INFO      uvicorn.error  Started reloader process [7696] using WatchFiles
2026-07-23 03:00:35  INFO      uvicorn.error  Started server process [24280]
2026-07-23 03:00:35  INFO      uvicorn.error  Waiting for application startup.
2026-07-23 03:00:36  INFO      alembic.runtime.plugins  setup plugin alembic.autogenerate.schemas
2026-07-23 03:00:36  INFO      alembic.runtime.plugins  setup plugin alembic.autogenerate.tables
2026-07-23 03:00:36  INFO      alembic.runtime.plugins  setup plugin alembic.autogenerate.types
2026-07-23 03:00:36  INFO      alembic.runtime.plugins  setup plugin alembic.autogenerate.constraints
2026-07-23 03:00:36  INFO      alembic.runtime.plugins  setup plugin alembic.autogenerate.defaults
2026-07-23 03:00:36  INFO      alembic.runtime.plugins  setup plugin alembic.autogenerate.comments
2026-07-23 02:00:36  INFO      watchfiles.main  1 change detected
2026-07-23 02:00:36  INFO      watchfiles.main  1 change detected
2026-07-23 02:00:37  INFO      watchfiles.main  1 change detected
2026-07-23 02:00:37  INFO      watchfiles.main  1 change detected
2026-07-23 02:00:38  INFO      watchfiles.main  1 change detected
2026-07-23 02:00:38  INFO      watchfiles.main  1 change detected
2026-07-23 02:00:38  INFO      watchfiles.main  1 change detected
2026-07-23 02:00:39  INFO      watchfiles.main  1 change detected
2026-07-23 02:00:39  INFO      watchfiles.main  1 change detected
2026-07-23 02:00:40  INFO      watchfiles.main  1 change detected
2026-07-23 02:00:40  INFO      watchfiles.main  1 change detected
2026-07-23 02:00:40  INFO      watchfiles.main  1 change detected
2026-07-23 02:00:41  INFO      watchfiles.main  1 change detected
2026-07-23 02:00:41  INFO      watchfiles.main  1 change detected
2026-07-23 02:00:42  INFO      watchfiles.main  1 change detected
2026-07-23 02:00:42  INFO      watchfiles.main  1 change detected
2026-07-23 02:00:42  INFO      watchfiles.main  1 change detected
2026-07-23 02:00:43  INFO      watchfiles.main  1 change detected
2026-07-23 02:00:43  INFO      watchfiles.main  1 change detected
2026-07-23 02:00:44  INFO      watchfiles.main  1 change detected
2026-07-23 02:00:44  INFO      watchfiles.main  1 change detected
2026-07-23 02:00:44  INFO      watchfiles.main  1 change detected
2026-07-23 02:00:45  INFO      watchfiles.main  1 change detected
2026-07-23 02:00:45  INFO      watchfiles.main  1 change detected
2026-07-23 02:00:46  INFO      watchfiles.main  1 change detected
2026-07-23 02:00:46  INFO      watchfiles.main  1 change detected
2026-07-23 02:00:46  INFO      watchfiles.main  1 change detected
2026-07-23 02:00:47  INFO      watchfiles.main  1 change detected
2026-07-23 02:00:47  INFO      watchfiles.main  1 change detected
2026-07-23 02:00:48  INFO      watchfiles.main  1 change detected
2026-07-23 02:00:48  INFO      watchfiles.main  1 change detected
2026-07-23 02:00:48  INFO      watchfiles.main  1 change detected
2026-07-23 02:00:49  INFO      watchfiles.main  1 change detected
2026-07-23 02:00:49  INFO      watchfiles.main  1 change detected
2026-07-23 02:00:50  INFO      watchfiles.main  1 change detected
2026-07-23 02:00:50  INFO      watchfiles.main  1 change detected
2026-07-23 02:00:50  INFO      watchfiles.main  1 change detected
2026-07-23 02:00:51  INFO      watchfiles.main  1 change detected
2026-07-23 02:00:51  INFO      watchfiles.main  1 change detected
2026-07-23 02:00:52  INFO      watchfiles.main  1 change detected
2026-07-23 02:00:52  INFO      watchfiles.main  1 change detected
2026-07-23 02:00:53  INFO      watchfiles.main  1 change detected
2026-07-23 02:00:53  INFO      watchfiles.main  1 change detected
2026-07-23 02:00:53  INFO      watchfiles.main  1 change detected
2026-07-23 02:00:54  INFO      watchfiles.main  1 change detected
2026-07-23 02:00:54  INFO      watchfiles.main  1 change detected
2026-07-23 02:00:54  INFO      watchfiles.main  1 change detected
2026-07-23 02:00:55  INFO      watchfiles.main  1 change detected
2026-07-23 02:00:55  INFO      watchfiles.main  1 change detected
2026-07-23 02:00:56  INFO      watchfiles.main  1 change detected
2026-07-23 02:00:56  INFO      watchfiles.main  1 change detected
2026-07-23 02:00:57  INFO      watchfiles.main  1 change detected
2026-07-23 02:00:57  INFO      watchfiles.main  1 change detected
2026-07-23 02:00:57  INFO      watchfiles.main  1 change detected
2026-07-23 02:00:58  INFO      watchfiles.main  1 change detected
2026-07-23 02:00:58  INFO      watchfiles.main  1 change detected
2026-07-23 02:00:59  INFO      watchfiles.main  1 change detected
2026-07-23 02:00:59  INFO      watchfiles.main  1 change detected
2026-07-23 02:00:59  INFO      watchfiles.main  1 change detected
2026-07-23 02:01:00  INFO      watchfiles.main  1 change detected
2026-07-23 02:01:00  INFO      watchfiles.main  1 change detected
2026-07-23 02:01:01  INFO      watchfiles.main  1 change detected
2026-07-23 02:01:01  INFO      watchfiles.main  1 change detected
2026-07-23 02:01:01  INFO      watchfiles.main  1 change detected
2026-07-23 02:01:02  INFO      watchfiles.main  1 change detected
2026-07-23 02:01:02  INFO      watchfiles.main  1 change detected
2026-07-23 02:01:03  INFO      watchfiles.main  1 change detected
2026-07-23 02:01:03  INFO      watchfiles.main  1 change detected
2026-07-23 02:01:03  INFO      watchfiles.main  1 change detected
2026-07-23 02:01:04  INFO      watchfiles.main  1 change detected
2026-07-23 02:01:04  INFO      watchfiles.main  1 change detected
2026-07-23 02:01:05  INFO      watchfiles.main  1 change detected
2026-07-23 02:01:05  INFO      watchfiles.main  1 change detected
2026-07-23 02:01:06  INFO      watchfiles.main  1 change detected
2026-07-23 02:01:06  INFO      watchfiles.main  1 change detected
2026-07-23 02:01:06  INFO      watchfiles.main  1 change detected
2026-07-23 02:01:07  INFO      watchfiles.main  1 change detected
2026-07-23 02:01:07  INFO      watchfiles.main  1 change detected
2026-07-23 02:01:08  INFO      watchfiles.main  1 change detected
2026-07-23 02:01:08  INFO      watchfiles.main  1 change detected
2026-07-23 02:01:08  INFO      watchfiles.main  1 change detected
2026-07-23 02:01:09  INFO      watchfiles.main  1 change detected
2026-07-23 02:01:09  INFO      watchfiles.main  1 change detected
2026-07-23 02:01:10  INFO      watchfiles.main  1 change detected
2026-07-23 02:01:10  INFO      watchfiles.main  1 change detected
2026-07-23 02:01:10  INFO      watchfiles.main  1 change detected
2026-07-23 02:01:11  INFO      watchfiles.main  1 change detected
2026-07-23 02:01:11  INFO      watchfiles.main  1 change detected
2026-07-23 02:01:12  INFO      watchfiles.main  1 change detected
2026-07-23 02:01:12  INFO      watchfiles.main  1 change detected
2026-07-23 02:01:12  INFO      watchfiles.main  1 change detected
2026-07-23 02:01:13  INFO      watchfiles.main  1 change detected
2026-07-23 02:01:13  INFO      watchfiles.main  1 change detected
2026-07-23 02:01:14  INFO      watchfiles.main  1 change detected
2026-07-23 02:01:14  INFO      watchfiles.main  1 change detected
2026-07-23 02:01:14  INFO      watchfiles.main  1 change detected
2026-07-23 02:01:15  INFO      watchfiles.main  1 change detected
2026-07-23 02:01:15  INFO      watchfiles.main  1 change detected
2026-07-23 02:01:16  INFO      watchfiles.main  1 change detected
2026-07-23 02:01:16  INFO      watchfiles.main  1 change detected
2026-07-23 02:01:16  INFO      watchfiles.main  1 change detected
2026-07-23 02:01:17  INFO      watchfiles.main  1 change detected
2026-07-23 02:01:17  INFO      watchfiles.main  1 change detected
2026-07-23 02:01:18  INFO      watchfiles.main  1 change detected
2026-07-23 02:01:18  INFO      watchfiles.main  1 change detected
2026-07-23 02:01:18  INFO      watchfiles.main  1 change detected
2026-07-23 02:01:19  INFO      watchfiles.main  1 change detected
2026-07-23 02:01:19  INFO      watchfiles.main  1 change detected
2026-07-23 02:01:20  INFO      watchfiles.main  1 change detected
2026-07-23 02:01:20  INFO      watchfiles.main  1 change detected
2026-07-23 02:01:20  INFO      watchfiles.main  1 change detected
2026-07-23 02:01:21  INFO      watchfiles.main  1 change detected
2026-07-23 02:01:21  INFO      watchfiles.main  1 change detected
2026-07-23 02:01:22  INFO      watchfiles.main  1 change detected
2026-07-23 02:01:22  INFO      watchfiles.main  1 change detected
2026-07-23 02:01:22  INFO      watchfiles.main  1 change detected
2026-07-23 02:01:23  INFO      watchfiles.main  1 change detected
2026-07-23 02:01:23  INFO      watchfiles.main  1 change detected
2026-07-23 02:01:24  INFO      watchfiles.main  1 change detected
2026-07-23 02:01:24  INFO      watchfiles.main  1 change detected
2026-07-23 02:01:24  INFO      watchfiles.main  1 change detected
2026-07-23 02:01:25  INFO      watchfiles.main  1 change detected
2026-07-23 02:01:25  INFO      watchfiles.main  1 change detected
2026-07-23 02:01:26  INFO      watchfiles.main  1 change detected
2026-07-23 02:01:26  INFO      watchfiles.main  1 change detected
2026-07-23 02:01:26  INFO      watchfiles.main  1 change detected
2026-07-23 02:01:27  INFO      watchfiles.main  1 change detected
2026-07-23 02:01:27  INFO      watchfiles.main  1 change detected
2026-07-23 02:01:28  INFO      watchfiles.main  1 change detected
2026-07-23 02:01:28  INFO      watchfiles.main  1 change detected
2026-07-23 02:01:28  INFO      watchfiles.main  1 change detected
2026-07-23 02:01:29  INFO      watchfiles.main  1 change detected
2026-07-23 02:01:29  INFO      watchfiles.main  1 change detected
2026-07-23 02:01:30  INFO      watchfiles.main  1 change detected
2026-07-23 02:01:30  INFO      watchfiles.main  1 change detected
2026-07-23 02:01:30  INFO      watchfiles.main  1 change detected
2026-07-23 02:01:31  INFO      watchfiles.main  1 change detected
2026-07-23 02:01:31  INFO      watchfiles.main  1 change detected
2026-07-23 02:01:32  INFO      watchfiles.main  1 change detected
2026-07-23 02:01:32  INFO      watchfiles.main  1 change detected
2026-07-23 02:01:32  INFO      watchfiles.main  1 change detected
2026-07-23 02:01:33  INFO      watchfiles.main  1 change detected
2026-07-23 02:01:33  INFO      watchfiles.main  1 change detected
2026-07-23 02:01:34  INFO      watchfiles.main  1 change detected
2026-07-23 02:01:34  INFO      watchfiles.main  1 change detected
2026-07-23 02:01:35  INFO      watchfiles.main  1 change detected
2026-07-23 02:01:35  INFO      watchfiles.main  1 change detected
2026-07-23 02:01:35  INFO      watchfiles.main  1 change detected
2026-07-23 02:01:36  INFO      watchfiles.main  1 change detected
2026-07-23 02:01:36  INFO      watchfiles.main  1 change detected
2026-07-23 02:01:37  INFO      watchfiles.main  1 change detected
2026-07-23 02:01:37  INFO      watchfiles.main  1 change detected
2026-07-23 02:01:37  INFO      watchfiles.main  1 change detected
2026-07-23 02:01:38  INFO      watchfiles.main  1 change detected
2026-07-23 02:01:38  INFO      watchfiles.main  1 change detected
2026-07-23 02:01:39  INFO      watchfiles.main  1 change detected
2026-07-23 02:01:39  INFO      watchfiles.main  1 change detected
2026-07-23 02:01:39  INFO      watchfiles.main  1 change detected
2026-07-23 02:01:40  INFO      watchfiles.main  1 change detected
2026-07-23 02:01:40  INFO      watchfiles.main  1 change detected
2026-07-23 02:01:41  INFO      watchfiles.main  1 change detected
2026-07-23 02:01:41  INFO      watchfiles.main  1 change detected
2026-07-23 02:01:41  INFO      watchfiles.main  1 change detected
2026-07-23 02:01:42  INFO      watchfiles.main  1 change detected
2026-07-23 02:01:42  INFO      watchfiles.main  1 change detected
2026-07-23 02:01:43  INFO      watchfiles.main  1 change detected
2026-07-23 02:01:43  INFO      watchfiles.main  2 changes detected
2026-07-23 02:01:43  WARNING   uvicorn.error  WatchFiles detected changes in 'app\services\real_backend.py'. Reloading...
2026-07-23 02:01:44  INFO      watchfiles.main  1 change detected
2026-07-23 02:01:44  INFO      watchfiles.main  1 change detected
2026-07-23 03:01:45  INFO      uvicorn.error  Started server process [16940]
2026-07-23 03:01:45  INFO      uvicorn.error  Waiting for application startup.
2026-07-23 02:01:45  INFO      watchfiles.main  1 change detected
2026-07-23 02:01:45  INFO      watchfiles.main  1 change detected
2026-07-23 03:01:45  INFO      alembic.runtime.plugins  setup plugin alembic.autogenerate.schemas
2026-07-23 03:01:45  INFO      alembic.runtime.plugins  setup plugin alembic.autogenerate.tables
2026-07-23 03:01:45  INFO      alembic.runtime.plugins  setup plugin alembic.autogenerate.types
2026-07-23 03:01:45  INFO      alembic.runtime.plugins  setup plugin alembic.autogenerate.constraints
2026-07-23 03:01:45  INFO      alembic.runtime.plugins  setup plugin alembic.autogenerate.defaults
2026-07-23 03:01:45  INFO      alembic.runtime.plugins  setup plugin alembic.autogenerate.comments
2026-07-23 02:01:46  INFO      watchfiles.main  1 change detected
2026-07-23 02:01:46  INFO      watchfiles.main  5 changes detected
2026-07-23 02:01:46  INFO      watchfiles.main  1 change detected
2026-07-23 02:01:47  INFO      watchfiles.main  1 change detected
2026-07-23 02:01:47  INFO      watchfiles.main  1 change detected
2026-07-23 02:01:47  INFO      watchfiles.main  1 change detected
2026-07-23 02:01:48  INFO      watchfiles.main  1 change detected
2026-07-23 02:01:48  INFO      watchfiles.main  1 change detected
2026-07-23 02:01:48  INFO      watchfiles.main  1 change detected
2026-07-23 02:01:49  INFO      watchfiles.main  1 change detected
2026-07-23 02:01:49  INFO      watchfiles.main  1 change detected
2026-07-23 02:01:50  INFO      watchfiles.main  1 change detected
2026-07-23 02:01:50  INFO      watchfiles.main  1 change detected
2026-07-23 02:01:51  INFO      watchfiles.main  1 change detected
2026-07-23 02:01:51  INFO      watchfiles.main  1 change detected
2026-07-23 02:01:51  INFO      watchfiles.main  1 change detected
2026-07-23 02:01:52  INFO      watchfiles.main  1 change detected
2026-07-23 02:01:52  INFO      watchfiles.main  1 change detected
2026-07-23 02:01:53  INFO      watchfiles.main  1 change detected
2026-07-23 02:01:53  INFO      watchfiles.main  1 change detected
2026-07-23 02:01:53  INFO      watchfiles.main  1 change detected
2026-07-23 02:01:54  INFO      watchfiles.main  1 change detected
2026-07-23 02:01:54  INFO      watchfiles.main  1 change detected
2026-07-23 02:01:55  INFO      watchfiles.main  1 change detected
2026-07-23 02:01:55  INFO      watchfiles.main  1 change detected
2026-07-23 02:01:55  INFO      watchfiles.main  1 change detected
2026-07-23 02:01:56  INFO      watchfiles.main  1 change detected
2026-07-23 02:01:56  INFO      watchfiles.main  1 change detected
2026-07-23 02:01:57  INFO      watchfiles.main  1 change detected
2026-07-23 02:01:57  INFO      watchfiles.main  1 change detected
2026-07-23 02:01:57  INFO      uvicorn.error  Stopping reloader process [7696]
2026-07-23 02:02:00  INFO      uvicorn.error  Uvicorn running on http://0.0.0.0:8000 (Press CTRL+C to quit)
2026-07-23 02:02:00  WARNING   uvicorn.error  --reload-include and --reload-exclude have no effect unless watchfiles is installed.
2026-07-23 02:02:00  INFO      uvicorn.error  Started reloader process [14740] using StatReload
2026-07-23 03:02:01  INFO      uvicorn.error  Started server process [6868]
2026-07-23 03:02:01  INFO      uvicorn.error  Waiting for application startup.
2026-07-23 03:02:01  INFO      alembic.runtime.plugins  setup plugin alembic.autogenerate.schemas
2026-07-23 03:02:01  INFO      alembic.runtime.plugins  setup plugin alembic.autogenerate.tables
2026-07-23 03:02:01  INFO      alembic.runtime.plugins  setup plugin alembic.autogenerate.types
2026-07-23 03:02:01  INFO      alembic.runtime.plugins  setup plugin alembic.autogenerate.constraints
2026-07-23 03:02:01  INFO      alembic.runtime.plugins  setup plugin alembic.autogenerate.defaults
2026-07-23 03:02:01  INFO      alembic.runtime.plugins  setup plugin alembic.autogenerate.comments
2026-07-23 05:15:52  INFO      uvicorn.error  Stopping reloader process [14740]
2026-07-23 05:15:56  INFO      uvicorn.error  Uvicorn running on http://0.0.0.0:8000 (Press CTRL+C to quit)
2026-07-23 05:15:56  WARNING   uvicorn.error  --reload-include and --reload-exclude have no effect unless watchfiles is installed.
2026-07-23 05:15:56  INFO      uvicorn.error  Started reloader process [32880] using StatReload
2026-07-23 06:15:57  INFO      uvicorn.error  Started server process [21748]
2026-07-23 06:15:57  INFO      uvicorn.error  Waiting for application startup.
2026-07-23 06:15:57  INFO      alembic.runtime.plugins  setup plugin alembic.autogenerate.schemas
2026-07-23 06:15:57  INFO      alembic.runtime.plugins  setup plugin alembic.autogenerate.tables
2026-07-23 06:15:57  INFO      alembic.runtime.plugins  setup plugin alembic.autogenerate.types
2026-07-23 06:15:57  INFO      alembic.runtime.plugins  setup plugin alembic.autogenerate.constraints
2026-07-23 06:15:57  INFO      alembic.runtime.plugins  setup plugin alembic.autogenerate.defaults
2026-07-23 06:15:57  INFO      alembic.runtime.plugins  setup plugin alembic.autogenerate.comments
2026-07-23 06:40:48  WARNING   uvicorn.error  StatReload detected changes in 'app\config.py'. Reloading...
2026-07-23 07:40:50  INFO      uvicorn.error  Started server process [25844]
2026-07-23 07:40:50  INFO      uvicorn.error  Waiting for application startup.
2026-07-23 07:40:51  INFO      alembic.runtime.plugins  setup plugin alembic.autogenerate.schemas
2026-07-23 07:40:51  INFO      alembic.runtime.plugins  setup plugin alembic.autogenerate.tables
2026-07-23 07:40:51  INFO      alembic.runtime.plugins  setup plugin alembic.autogenerate.types
2026-07-23 07:40:51  INFO      alembic.runtime.plugins  setup plugin alembic.autogenerate.constraints
2026-07-23 07:40:51  INFO      alembic.runtime.plugins  setup plugin alembic.autogenerate.defaults
2026-07-23 07:40:51  INFO      alembic.runtime.plugins  setup plugin alembic.autogenerate.comments
2026-07-23 06:41:39  WARNING   uvicorn.error  StatReload detected changes in 'app\services\real_backend.py'. Reloading...
2026-07-23 07:41:40  INFO      uvicorn.error  Started server process [8492]
2026-07-23 07:41:40  INFO      uvicorn.error  Waiting for application startup.
2026-07-23 07:41:41  INFO      alembic.runtime.plugins  setup plugin alembic.autogenerate.schemas
2026-07-23 07:41:41  INFO      alembic.runtime.plugins  setup plugin alembic.autogenerate.tables
2026-07-23 07:41:41  INFO      alembic.runtime.plugins  setup plugin alembic.autogenerate.types
2026-07-23 07:41:41  INFO      alembic.runtime.plugins  setup plugin alembic.autogenerate.constraints
2026-07-23 07:41:41  INFO      alembic.runtime.plugins  setup plugin alembic.autogenerate.defaults
2026-07-23 07:41:41  INFO      alembic.runtime.plugins  setup plugin alembic.autogenerate.comments
2026-07-23 06:42:03  WARNING   uvicorn.error  StatReload detected changes in 'app\config.py'. Reloading...
2026-07-23 07:42:05  INFO      uvicorn.error  Started server process [14920]
2026-07-23 07:42:05  INFO      uvicorn.error  Waiting for application startup.
2026-07-23 07:42:06  INFO      alembic.runtime.plugins  setup plugin alembic.autogenerate.schemas
2026-07-23 07:42:06  INFO      alembic.runtime.plugins  setup plugin alembic.autogenerate.tables
2026-07-23 07:42:06  INFO      alembic.runtime.plugins  setup plugin alembic.autogenerate.types
2026-07-23 07:42:06  INFO      alembic.runtime.plugins  setup plugin alembic.autogenerate.constraints
2026-07-23 07:42:06  INFO      alembic.runtime.plugins  setup plugin alembic.autogenerate.defaults
2026-07-23 07:42:06  INFO      alembic.runtime.plugins  setup plugin alembic.autogenerate.comments
2026-07-23 06:45:56  WARNING   uvicorn.error  StatReload detected changes in 'app\services\real_backend.py'. Reloading...
2026-07-23 07:45:58  INFO      uvicorn.error  Started server process [38460]
2026-07-23 07:45:58  INFO      uvicorn.error  Waiting for application startup.
2026-07-23 07:45:58  INFO      alembic.runtime.plugins  setup plugin alembic.autogenerate.schemas
2026-07-23 07:45:58  INFO      alembic.runtime.plugins  setup plugin alembic.autogenerate.tables
2026-07-23 07:45:58  INFO      alembic.runtime.plugins  setup plugin alembic.autogenerate.types
2026-07-23 07:45:58  INFO      alembic.runtime.plugins  setup plugin alembic.autogenerate.constraints
2026-07-23 07:45:58  INFO      alembic.runtime.plugins  setup plugin alembic.autogenerate.defaults
2026-07-23 07:45:58  INFO      alembic.runtime.plugins  setup plugin alembic.autogenerate.comments
2026-07-23 06:46:03  WARNING   uvicorn.error  StatReload detected changes in 'app\services\real_backend.py'. Reloading...
2026-07-23 07:46:05  INFO      uvicorn.error  Started server process [14536]
2026-07-23 07:46:05  INFO      uvicorn.error  Waiting for application startup.
2026-07-23 07:46:06  INFO      alembic.runtime.plugins  setup plugin alembic.autogenerate.schemas
2026-07-23 07:46:06  INFO      alembic.runtime.plugins  setup plugin alembic.autogenerate.tables
2026-07-23 07:46:06  INFO      alembic.runtime.plugins  setup plugin alembic.autogenerate.types
2026-07-23 07:46:06  INFO      alembic.runtime.plugins  setup plugin alembic.autogenerate.constraints
2026-07-23 07:46:06  INFO      alembic.runtime.plugins  setup plugin alembic.autogenerate.defaults
2026-07-23 07:46:06  INFO      alembic.runtime.plugins  setup plugin alembic.autogenerate.comments
2026-07-23 07:05:01  WARNING   uvicorn.error  StatReload detected changes in 'app\services\real_backend.py'. Reloading...
2026-07-23 08:05:03  INFO      uvicorn.error  Started server process [20824]
2026-07-23 08:05:03  INFO      uvicorn.error  Waiting for application startup.
2026-07-23 08:05:04  INFO      alembic.runtime.plugins  setup plugin alembic.autogenerate.schemas
2026-07-23 08:05:04  INFO      alembic.runtime.plugins  setup plugin alembic.autogenerate.tables
2026-07-23 08:05:04  INFO      alembic.runtime.plugins  setup plugin alembic.autogenerate.types
2026-07-23 08:05:04  INFO      alembic.runtime.plugins  setup plugin alembic.autogenerate.constraints
2026-07-23 08:05:04  INFO      alembic.runtime.plugins  setup plugin alembic.autogenerate.defaults
2026-07-23 08:05:04  INFO      alembic.runtime.plugins  setup plugin alembic.autogenerate.comments
2026-07-23 07:05:11  WARNING   uvicorn.error  StatReload detected changes in 'app\services\real_backend.py'. Reloading...
2026-07-23 08:05:12  INFO      uvicorn.error  Started server process [14416]
2026-07-23 08:05:12  INFO      uvicorn.error  Waiting for application startup.
2026-07-23 08:05:13  INFO      alembic.runtime.plugins  setup plugin alembic.autogenerate.schemas
2026-07-23 08:05:13  INFO      alembic.runtime.plugins  setup plugin alembic.autogenerate.tables
2026-07-23 08:05:13  INFO      alembic.runtime.plugins  setup plugin alembic.autogenerate.types
2026-07-23 08:05:13  INFO      alembic.runtime.plugins  setup plugin alembic.autogenerate.constraints
2026-07-23 08:05:13  INFO      alembic.runtime.plugins  setup plugin alembic.autogenerate.defaults
2026-07-23 08:05:13  INFO      alembic.runtime.plugins  setup plugin alembic.autogenerate.comments
2026-07-23 08:19:25  WARNING   uvicorn.error  StatReload detected changes in 'app\services\real_backend.py'. Reloading...
2026-07-23 09:19:26  INFO      uvicorn.error  Started server process [38188]
2026-07-23 09:19:26  INFO      uvicorn.error  Waiting for application startup.
2026-07-23 09:19:27  INFO      alembic.runtime.plugins  setup plugin alembic.autogenerate.schemas
2026-07-23 09:19:27  INFO      alembic.runtime.plugins  setup plugin alembic.autogenerate.tables
2026-07-23 09:19:27  INFO      alembic.runtime.plugins  setup plugin alembic.autogenerate.types
2026-07-23 09:19:27  INFO      alembic.runtime.plugins  setup plugin alembic.autogenerate.constraints
2026-07-23 09:19:27  INFO      alembic.runtime.plugins  setup plugin alembic.autogenerate.defaults
2026-07-23 09:19:27  INFO      alembic.runtime.plugins  setup plugin alembic.autogenerate.comments
2026-07-23 08:26:58  WARNING   uvicorn.error  StatReload detected changes in 'app\services\real_backend.py'. Reloading...
2026-07-23 09:31:27  INFO      uvicorn.error  Started server process [35064]
2026-07-23 09:31:27  INFO      uvicorn.error  Waiting for application startup.
2026-07-23 09:31:27  INFO      alembic.runtime.plugins  setup plugin alembic.autogenerate.schemas
2026-07-23 09:31:27  INFO      alembic.runtime.plugins  setup plugin alembic.autogenerate.tables
2026-07-23 09:31:27  INFO      alembic.runtime.plugins  setup plugin alembic.autogenerate.types
2026-07-23 09:31:27  INFO      alembic.runtime.plugins  setup plugin alembic.autogenerate.constraints
2026-07-23 09:31:27  INFO      alembic.runtime.plugins  setup plugin alembic.autogenerate.defaults
2026-07-23 09:31:27  INFO      alembic.runtime.plugins  setup plugin alembic.autogenerate.comments
2026-07-23 08:34:14  WARNING   uvicorn.error  StatReload detected changes in 'app\services\real_backend.py'. Reloading...
2026-07-23 09:43:45  INFO      uvicorn.error  Started server process [13636]
2026-07-23 09:43:45  INFO      uvicorn.error  Waiting for application startup.
2026-07-23 09:43:46  INFO      alembic.runtime.plugins  setup plugin alembic.autogenerate.schemas
2026-07-23 09:43:46  INFO      alembic.runtime.plugins  setup plugin alembic.autogenerate.tables
2026-07-23 09:43:46  INFO      alembic.runtime.plugins  setup plugin alembic.autogenerate.types
2026-07-23 09:43:46  INFO      alembic.runtime.plugins  setup plugin alembic.autogenerate.constraints
2026-07-23 09:43:46  INFO      alembic.runtime.plugins  setup plugin alembic.autogenerate.defaults
2026-07-23 09:43:46  INFO      alembic.runtime.plugins  setup plugin alembic.autogenerate.comments
2026-07-23 08:54:58  INFO      uvicorn.error  Uvicorn running on http://127.0.0.1:8000 (Press CTRL+C to quit)
2026-07-23 08:54:58  INFO      uvicorn.error  Started reloader process [33352] using WatchFiles
2026-07-23 08:54:59  INFO      watchfiles.main  1 change detected
2026-07-23 08:54:59  INFO      watchfiles.main  1 change detected
2026-07-23 09:54:59  INFO      uvicorn.error  Started server process [25160]
2026-07-23 09:54:59  INFO      uvicorn.error  Waiting for application startup.
2026-07-23 08:55:00  INFO      watchfiles.main  1 change detected
2026-07-23 08:55:00  INFO      watchfiles.main  1 change detected
2026-07-23 09:55:00  INFO      alembic.runtime.plugins  setup plugin alembic.autogenerate.schemas
2026-07-23 09:55:00  INFO      alembic.runtime.plugins  setup plugin alembic.autogenerate.tables
2026-07-23 09:55:00  INFO      alembic.runtime.plugins  setup plugin alembic.autogenerate.types
2026-07-23 09:55:00  INFO      alembic.runtime.plugins  setup plugin alembic.autogenerate.constraints
2026-07-23 09:55:00  INFO      alembic.runtime.plugins  setup plugin alembic.autogenerate.defaults
2026-07-23 09:55:00  INFO      alembic.runtime.plugins  setup plugin alembic.autogenerate.comments
2026-07-23 08:55:00  INFO      watchfiles.main  1 change detected
2026-07-23 08:55:01  INFO      watchfiles.main  1 change detected
2026-07-23 08:55:01  INFO      watchfiles.main  1 change detected
2026-07-23 08:55:01  INFO      watchfiles.main  1 change detected
2026-07-23 08:55:02  INFO      watchfiles.main  1 change detected
2026-07-23 08:55:02  INFO      watchfiles.main  1 change detected
2026-07-23 08:55:03  INFO      watchfiles.main  1 change detected
2026-07-23 08:55:03  INFO      watchfiles.main  1 change detected
2026-07-23 08:55:04  INFO      watchfiles.main  1 change detected
2026-07-23 08:55:04  INFO      uvicorn.error  Stopping reloader process [33352]
2026-07-23 08:55:08  INFO      uvicorn.error  Uvicorn running on http://0.0.0.0:8000 (Press CTRL+C to quit)
2026-07-23 08:55:08  WARNING   uvicorn.error  --reload-include and --reload-exclude have no effect unless watchfiles is installed.
2026-07-23 08:55:08  INFO      uvicorn.error  Started reloader process [36268] using StatReload
2026-07-23 09:55:09  INFO      uvicorn.error  Started server process [15264]
2026-07-23 09:55:09  INFO      uvicorn.error  Waiting for application startup.
2026-07-23 09:55:09  INFO      alembic.runtime.plugins  setup plugin alembic.autogenerate.schemas
2026-07-23 09:55:09  INFO      alembic.runtime.plugins  setup plugin alembic.autogenerate.tables
2026-07-23 09:55:09  INFO      alembic.runtime.plugins  setup plugin alembic.autogenerate.types
2026-07-23 09:55:09  INFO      alembic.runtime.plugins  setup plugin alembic.autogenerate.constraints
2026-07-23 09:55:09  INFO      alembic.runtime.plugins  setup plugin alembic.autogenerate.defaults
2026-07-23 09:55:09  INFO      alembic.runtime.plugins  setup plugin alembic.autogenerate.comments
2026-07-23 09:03:10  INFO      uvicorn.error  Uvicorn running on http://0.0.0.0:8000 (Press CTRL+C to quit)
2026-07-23 09:03:10  WARNING   uvicorn.error  --reload-include and --reload-exclude have no effect unless watchfiles is installed.
2026-07-23 09:03:10  INFO      uvicorn.error  Started reloader process [35808] using StatReload
2026-07-23 10:03:11  INFO      uvicorn.error  Started server process [15692]
2026-07-23 10:03:11  INFO      uvicorn.error  Waiting for application startup.
2026-07-23 10:03:11  INFO      alembic.runtime.plugins  setup plugin alembic.autogenerate.schemas
2026-07-23 10:03:11  INFO      alembic.runtime.plugins  setup plugin alembic.autogenerate.tables
2026-07-23 10:03:11  INFO      alembic.runtime.plugins  setup plugin alembic.autogenerate.types
2026-07-23 10:03:11  INFO      alembic.runtime.plugins  setup plugin alembic.autogenerate.constraints
2026-07-23 10:03:11  INFO      alembic.runtime.plugins  setup plugin alembic.autogenerate.defaults
2026-07-23 10:03:11  INFO      alembic.runtime.plugins  setup plugin alembic.autogenerate.comments
2026-07-23 09:09:40  WARNING   uvicorn.error  StatReload detected changes in 'app\db\models.py'. Reloading...
2026-07-23 10:09:41  INFO      uvicorn.error  Started server process [35656]
2026-07-23 10:09:41  INFO      uvicorn.error  Waiting for application startup.
2026-07-23 10:09:42  INFO      alembic.runtime.plugins  setup plugin alembic.autogenerate.schemas
2026-07-23 10:09:42  INFO      alembic.runtime.plugins  setup plugin alembic.autogenerate.tables
2026-07-23 10:09:42  INFO      alembic.runtime.plugins  setup plugin alembic.autogenerate.types
2026-07-23 10:09:42  INFO      alembic.runtime.plugins  setup plugin alembic.autogenerate.constraints
2026-07-23 10:09:42  INFO      alembic.runtime.plugins  setup plugin alembic.autogenerate.defaults
2026-07-23 10:09:42  INFO      alembic.runtime.plugins  setup plugin alembic.autogenerate.comments
2026-07-23 09:10:09  WARNING   uvicorn.error  StatReload detected changes in 'app\main.py'. Reloading...
2026-07-23 10:10:10  INFO      uvicorn.error  Started server process [16260]
2026-07-23 10:10:10  INFO      uvicorn.error  Waiting for application startup.
2026-07-23 10:10:11  INFO      alembic.runtime.plugins  setup plugin alembic.autogenerate.schemas
2026-07-23 10:10:11  INFO      alembic.runtime.plugins  setup plugin alembic.autogenerate.tables
2026-07-23 10:10:11  INFO      alembic.runtime.plugins  setup plugin alembic.autogenerate.types
2026-07-23 10:10:11  INFO      alembic.runtime.plugins  setup plugin alembic.autogenerate.constraints
2026-07-23 10:10:11  INFO      alembic.runtime.plugins  setup plugin alembic.autogenerate.defaults
2026-07-23 10:10:11  INFO      alembic.runtime.plugins  setup plugin alembic.autogenerate.comments
2026-07-23 09:10:29  WARNING   uvicorn.error  StatReload detected changes in 'app\main.py'. Reloading...
2026-07-23 10:10:31  INFO      uvicorn.error  Started server process [22620]
2026-07-23 10:10:31  INFO      uvicorn.error  Waiting for application startup.
2026-07-23 10:10:31  INFO      alembic.runtime.plugins  setup plugin alembic.autogenerate.schemas
2026-07-23 10:10:31  INFO      alembic.runtime.plugins  setup plugin alembic.autogenerate.tables
2026-07-23 10:10:31  INFO      alembic.runtime.plugins  setup plugin alembic.autogenerate.types
2026-07-23 10:10:31  INFO      alembic.runtime.plugins  setup plugin alembic.autogenerate.constraints
2026-07-23 10:10:31  INFO      alembic.runtime.plugins  setup plugin alembic.autogenerate.defaults
2026-07-23 10:10:31  INFO      alembic.runtime.plugins  setup plugin alembic.autogenerate.comments
2026-07-23 09:10:37  WARNING   uvicorn.error  StatReload detected changes in 'app\main.py'. Reloading...
2026-07-23 10:10:38  INFO      uvicorn.error  Started server process [35776]
2026-07-23 10:10:38  INFO      uvicorn.error  Waiting for application startup.
2026-07-23 10:10:39  INFO      alembic.runtime.plugins  setup plugin alembic.autogenerate.schemas
2026-07-23 10:10:39  INFO      alembic.runtime.plugins  setup plugin alembic.autogenerate.tables
2026-07-23 10:10:39  INFO      alembic.runtime.plugins  setup plugin alembic.autogenerate.types
2026-07-23 10:10:39  INFO      alembic.runtime.plugins  setup plugin alembic.autogenerate.constraints
2026-07-23 10:10:39  INFO      alembic.runtime.plugins  setup plugin alembic.autogenerate.defaults
2026-07-23 10:10:39  INFO      alembic.runtime.plugins  setup plugin alembic.autogenerate.comments
2026-07-23 09:10:45  WARNING   uvicorn.error  StatReload detected changes in 'app\main.py'. Reloading...
2026-07-23 10:10:46  INFO      uvicorn.error  Started server process [15228]
2026-07-23 10:10:46  INFO      uvicorn.error  Waiting for application startup.
2026-07-23 10:10:46  INFO      alembic.runtime.plugins  setup plugin alembic.autogenerate.schemas
2026-07-23 10:10:46  INFO      alembic.runtime.plugins  setup plugin alembic.autogenerate.tables
2026-07-23 10:10:46  INFO      alembic.runtime.plugins  setup plugin alembic.autogenerate.types
2026-07-23 10:10:46  INFO      alembic.runtime.plugins  setup plugin alembic.autogenerate.constraints
2026-07-23 10:10:46  INFO      alembic.runtime.plugins  setup plugin alembic.autogenerate.defaults
2026-07-23 10:10:46  INFO      alembic.runtime.plugins  setup plugin alembic.autogenerate.comments
2026-07-23 09:13:15  INFO      uvicorn.error  Stopping reloader process [35808]
2026-07-23 09:13:17  INFO      uvicorn.error  Uvicorn running on http://0.0.0.0:8000 (Press CTRL+C to quit)
2026-07-23 09:13:17  WARNING   uvicorn.error  --reload-include and --reload-exclude have no effect unless watchfiles is installed.
2026-07-23 09:13:17  INFO      uvicorn.error  Started reloader process [22852] using StatReload
2026-07-23 10:13:18  INFO      uvicorn.error  Started server process [23576]
2026-07-23 10:13:18  INFO      uvicorn.error  Waiting for application startup.
2026-07-23 10:13:19  INFO      alembic.runtime.plugins  setup plugin alembic.autogenerate.schemas
2026-07-23 10:13:19  INFO      alembic.runtime.plugins  setup plugin alembic.autogenerate.tables
2026-07-23 10:13:19  INFO      alembic.runtime.plugins  setup plugin alembic.autogenerate.types
2026-07-23 10:13:19  INFO      alembic.runtime.plugins  setup plugin alembic.autogenerate.constraints
2026-07-23 10:13:19  INFO      alembic.runtime.plugins  setup plugin alembic.autogenerate.defaults
2026-07-23 10:13:19  INFO      alembic.runtime.plugins  setup plugin alembic.autogenerate.comments
2026-07-23 09:18:10  WARNING   uvicorn.error  StatReload detected changes in 'app\main.py'. Reloading...
2026-07-23 10:18:11  INFO      uvicorn.error  Started server process [11856]
2026-07-23 10:18:11  INFO      uvicorn.error  Waiting for application startup.
2026-07-23 10:18:12  INFO      alembic.runtime.plugins  setup plugin alembic.autogenerate.schemas
2026-07-23 10:18:12  INFO      alembic.runtime.plugins  setup plugin alembic.autogenerate.tables
2026-07-23 10:18:12  INFO      alembic.runtime.plugins  setup plugin alembic.autogenerate.types
2026-07-23 10:18:12  INFO      alembic.runtime.plugins  setup plugin alembic.autogenerate.constraints
2026-07-23 10:18:12  INFO      alembic.runtime.plugins  setup plugin alembic.autogenerate.defaults
2026-07-23 10:18:12  INFO      alembic.runtime.plugins  setup plugin alembic.autogenerate.comments
2026-07-23 09:18:21  WARNING   uvicorn.error  StatReload detected changes in 'app\db\models.py'. Reloading...
2026-07-23 10:18:23  INFO      uvicorn.error  Started server process [24128]
2026-07-23 10:18:23  INFO      uvicorn.error  Waiting for application startup.
2026-07-23 10:18:24  INFO      alembic.runtime.plugins  setup plugin alembic.autogenerate.schemas
2026-07-23 10:18:24  INFO      alembic.runtime.plugins  setup plugin alembic.autogenerate.tables
2026-07-23 10:18:24  INFO      alembic.runtime.plugins  setup plugin alembic.autogenerate.types
2026-07-23 10:18:24  INFO      alembic.runtime.plugins  setup plugin alembic.autogenerate.constraints
2026-07-23 10:18:24  INFO      alembic.runtime.plugins  setup plugin alembic.autogenerate.defaults
2026-07-23 10:18:24  INFO      alembic.runtime.plugins  setup plugin alembic.autogenerate.comments
2026-07-23 09:19:27  INFO      uvicorn.error  Stopping reloader process [22852]
2026-07-23 09:19:29  INFO      uvicorn.error  Uvicorn running on http://0.0.0.0:8000 (Press CTRL+C to quit)
2026-07-23 09:19:29  WARNING   uvicorn.error  --reload-include and --reload-exclude have no effect unless watchfiles is installed.
2026-07-23 09:19:29  INFO      uvicorn.error  Started reloader process [10524] using StatReload
2026-07-23 10:19:30  INFO      uvicorn.error  Started server process [34648]
2026-07-23 10:19:30  INFO      uvicorn.error  Waiting for application startup.
2026-07-23 10:19:30  INFO      alembic.runtime.plugins  setup plugin alembic.autogenerate.schemas
2026-07-23 10:19:30  INFO      alembic.runtime.plugins  setup plugin alembic.autogenerate.tables
2026-07-23 10:19:30  INFO      alembic.runtime.plugins  setup plugin alembic.autogenerate.types
2026-07-23 10:19:30  INFO      alembic.runtime.plugins  setup plugin alembic.autogenerate.constraints
2026-07-23 10:19:30  INFO      alembic.runtime.plugins  setup plugin alembic.autogenerate.defaults
2026-07-23 10:19:30  INFO      alembic.runtime.plugins  setup plugin alembic.autogenerate.comments
2026-07-24 01:27:13  INFO      uvicorn.error  Started server process [13768]
2026-07-24 01:27:13  INFO      uvicorn.error  Waiting for application startup.
2026-07-24 01:27:14  INFO      alembic.runtime.plugins  setup plugin alembic.autogenerate.schemas
2026-07-24 01:27:14  INFO      alembic.runtime.plugins  setup plugin alembic.autogenerate.tables
2026-07-24 01:27:14  INFO      alembic.runtime.plugins  setup plugin alembic.autogenerate.types
2026-07-24 01:27:14  INFO      alembic.runtime.plugins  setup plugin alembic.autogenerate.constraints
2026-07-24 01:27:14  INFO      alembic.runtime.plugins  setup plugin alembic.autogenerate.defaults
2026-07-24 01:27:14  INFO      alembic.runtime.plugins  setup plugin alembic.autogenerate.comments
2026-07-24 01:41:19  INFO      uvicorn.error  Started server process [32948]
2026-07-24 01:41:19  INFO      uvicorn.error  Waiting for application startup.
2026-07-24 01:41:20  INFO      alembic.runtime.plugins  setup plugin alembic.autogenerate.schemas
2026-07-24 01:41:20  INFO      alembic.runtime.plugins  setup plugin alembic.autogenerate.tables
2026-07-24 01:41:20  INFO      alembic.runtime.plugins  setup plugin alembic.autogenerate.types
2026-07-24 01:41:20  INFO      alembic.runtime.plugins  setup plugin alembic.autogenerate.constraints
2026-07-24 01:41:20  INFO      alembic.runtime.plugins  setup plugin alembic.autogenerate.defaults
2026-07-24 01:41:20  INFO      alembic.runtime.plugins  setup plugin alembic.autogenerate.comments
2026-07-24 01:41:56  INFO      alembic.runtime.plugins  setup plugin alembic.autogenerate.schemas
2026-07-24 01:41:56  INFO      alembic.runtime.plugins  setup plugin alembic.autogenerate.tables
2026-07-24 01:41:56  INFO      alembic.runtime.plugins  setup plugin alembic.autogenerate.types
2026-07-24 01:41:56  INFO      alembic.runtime.plugins  setup plugin alembic.autogenerate.constraints
2026-07-24 01:41:56  INFO      alembic.runtime.plugins  setup plugin alembic.autogenerate.defaults
2026-07-24 01:41:56  INFO      alembic.runtime.plugins  setup plugin alembic.autogenerate.comments
2026-07-24 01:46:26  INFO      alembic.runtime.plugins  setup plugin alembic.autogenerate.schemas
2026-07-24 01:46:26  INFO      alembic.runtime.plugins  setup plugin alembic.autogenerate.tables
2026-07-24 01:46:26  INFO      alembic.runtime.plugins  setup plugin alembic.autogenerate.types
2026-07-24 01:46:26  INFO      alembic.runtime.plugins  setup plugin alembic.autogenerate.constraints
2026-07-24 01:46:26  INFO      alembic.runtime.plugins  setup plugin alembic.autogenerate.defaults
2026-07-24 01:46:26  INFO      alembic.runtime.plugins  setup plugin alembic.autogenerate.comments
2026-07-24 01:50:12  INFO      uvicorn.error  Started server process [24180]
2026-07-24 01:50:12  INFO      uvicorn.error  Waiting for application startup.
2026-07-24 01:50:13  INFO      alembic.runtime.plugins  setup plugin alembic.autogenerate.schemas
2026-07-24 01:50:13  INFO      alembic.runtime.plugins  setup plugin alembic.autogenerate.tables
2026-07-24 01:50:13  INFO      alembic.runtime.plugins  setup plugin alembic.autogenerate.types
2026-07-24 01:50:13  INFO      alembic.runtime.plugins  setup plugin alembic.autogenerate.constraints
2026-07-24 01:50:13  INFO      alembic.runtime.plugins  setup plugin alembic.autogenerate.defaults
2026-07-24 01:50:13  INFO      alembic.runtime.plugins  setup plugin alembic.autogenerate.comments
2026-07-24 04:52:37  INFO      uvicorn.error  Uvicorn running on http://0.0.0.0:8000 (Press CTRL+C to quit)
2026-07-24 04:52:37  WARNING   uvicorn.error  --reload-include and --reload-exclude have no effect unless watchfiles is installed.
2026-07-24 04:52:37  INFO      uvicorn.error  Started reloader process [3340] using StatReload
2026-07-24 05:52:38  INFO      uvicorn.error  Started server process [24440]
2026-07-24 05:52:38  INFO      uvicorn.error  Waiting for application startup.
2026-07-24 05:52:39  INFO      alembic.runtime.plugins  setup plugin alembic.autogenerate.schemas
2026-07-24 05:52:39  INFO      alembic.runtime.plugins  setup plugin alembic.autogenerate.tables
2026-07-24 05:52:39  INFO      alembic.runtime.plugins  setup plugin alembic.autogenerate.types
2026-07-24 05:52:39  INFO      alembic.runtime.plugins  setup plugin alembic.autogenerate.constraints
2026-07-24 05:52:39  INFO      alembic.runtime.plugins  setup plugin alembic.autogenerate.defaults
2026-07-24 05:52:39  INFO      alembic.runtime.plugins  setup plugin alembic.autogenerate.comments
2026-07-24 08:42:58  WARNING   uvicorn.error  StatReload detected changes in 'app\services\real_backend.py'. Reloading...
2026-07-24 09:43:00  INFO      uvicorn.error  Started server process [28548]
2026-07-24 09:43:00  INFO      uvicorn.error  Waiting for application startup.
2026-07-24 09:43:01  INFO      alembic.runtime.plugins  setup plugin alembic.autogenerate.schemas
2026-07-24 09:43:01  INFO      alembic.runtime.plugins  setup plugin alembic.autogenerate.tables
2026-07-24 09:43:01  INFO      alembic.runtime.plugins  setup plugin alembic.autogenerate.types
2026-07-24 09:43:01  INFO      alembic.runtime.plugins  setup plugin alembic.autogenerate.constraints
2026-07-24 09:43:01  INFO      alembic.runtime.plugins  setup plugin alembic.autogenerate.defaults
2026-07-24 09:43:01  INFO      alembic.runtime.plugins  setup plugin alembic.autogenerate.comments
2026-07-24 08:43:07  WARNING   uvicorn.error  StatReload detected changes in 'app\services\stub_backend.py'. Reloading...
2026-07-24 09:43:09  INFO      uvicorn.error  Started server process [22184]
2026-07-24 09:43:09  INFO      uvicorn.error  Waiting for application startup.
2026-07-24 09:43:09  INFO      alembic.runtime.plugins  setup plugin alembic.autogenerate.schemas
2026-07-24 09:43:09  INFO      alembic.runtime.plugins  setup plugin alembic.autogenerate.tables
2026-07-24 09:43:09  INFO      alembic.runtime.plugins  setup plugin alembic.autogenerate.types
2026-07-24 09:43:09  INFO      alembic.runtime.plugins  setup plugin alembic.autogenerate.constraints
2026-07-24 09:43:09  INFO      alembic.runtime.plugins  setup plugin alembic.autogenerate.defaults
2026-07-24 09:43:09  INFO      alembic.runtime.plugins  setup plugin alembic.autogenerate.comments
2026-07-24 08:55:47  WARNING   uvicorn.error  StatReload detected changes in 'app\store.py'. Reloading...
2026-07-24 09:55:49  INFO      uvicorn.error  Started server process [14272]
2026-07-24 09:55:49  INFO      uvicorn.error  Waiting for application startup.
2026-07-24 09:55:50  INFO      alembic.runtime.plugins  setup plugin alembic.autogenerate.schemas
2026-07-24 09:55:50  INFO      alembic.runtime.plugins  setup plugin alembic.autogenerate.tables
2026-07-24 09:55:50  INFO      alembic.runtime.plugins  setup plugin alembic.autogenerate.types
2026-07-24 09:55:50  INFO      alembic.runtime.plugins  setup plugin alembic.autogenerate.constraints
2026-07-24 09:55:50  INFO      alembic.runtime.plugins  setup plugin alembic.autogenerate.defaults
2026-07-24 09:55:50  INFO      alembic.runtime.plugins  setup plugin alembic.autogenerate.comments
2026-07-24 08:55:59  WARNING   uvicorn.error  StatReload detected changes in 'app\services\stub_backend.py'. Reloading...
2026-07-24 09:56:01  INFO      uvicorn.error  Started server process [4700]
2026-07-24 09:56:01  INFO      uvicorn.error  Waiting for application startup.
2026-07-24 09:56:01  INFO      alembic.runtime.plugins  setup plugin alembic.autogenerate.schemas
2026-07-24 09:56:01  INFO      alembic.runtime.plugins  setup plugin alembic.autogenerate.tables
2026-07-24 09:56:01  INFO      alembic.runtime.plugins  setup plugin alembic.autogenerate.types
2026-07-24 09:56:01  INFO      alembic.runtime.plugins  setup plugin alembic.autogenerate.constraints
2026-07-24 09:56:01  INFO      alembic.runtime.plugins  setup plugin alembic.autogenerate.defaults
2026-07-24 09:56:01  INFO      alembic.runtime.plugins  setup plugin alembic.autogenerate.comments
2026-07-24 09:01:49  WARNING   uvicorn.error  StatReload detected changes in 'app\services\stub_backend.py'. Reloading...
2026-07-24 10:01:50  INFO      uvicorn.error  Started server process [28172]
2026-07-24 10:01:50  INFO      uvicorn.error  Waiting for application startup.
2026-07-24 10:01:51  INFO      alembic.runtime.plugins  setup plugin alembic.autogenerate.schemas
2026-07-24 10:01:51  INFO      alembic.runtime.plugins  setup plugin alembic.autogenerate.tables
2026-07-24 10:01:51  INFO      alembic.runtime.plugins  setup plugin alembic.autogenerate.types
2026-07-24 10:01:51  INFO      alembic.runtime.plugins  setup plugin alembic.autogenerate.constraints
2026-07-24 10:01:51  INFO      alembic.runtime.plugins  setup plugin alembic.autogenerate.defaults
2026-07-24 10:01:51  INFO      alembic.runtime.plugins  setup plugin alembic.autogenerate.comments
2026-07-24 09:02:11  WARNING   uvicorn.error  StatReload detected changes in 'app\services\real_backend.py'. Reloading...
2026-07-24 10:02:12  INFO      uvicorn.error  Started server process [36352]
2026-07-24 10:02:12  INFO      uvicorn.error  Waiting for application startup.
2026-07-24 10:02:13  INFO      alembic.runtime.plugins  setup plugin alembic.autogenerate.schemas
2026-07-24 10:02:13  INFO      alembic.runtime.plugins  setup plugin alembic.autogenerate.tables
2026-07-24 10:02:13  INFO      alembic.runtime.plugins  setup plugin alembic.autogenerate.types
2026-07-24 10:02:13  INFO      alembic.runtime.plugins  setup plugin alembic.autogenerate.constraints
2026-07-24 10:02:13  INFO      alembic.runtime.plugins  setup plugin alembic.autogenerate.defaults
2026-07-24 10:02:13  INFO      alembic.runtime.plugins  setup plugin alembic.autogenerate.comments
2026-07-24 09:27:01  WARNING   uvicorn.error  StatReload detected changes in 'app\db\models.py'. Reloading...
2026-07-24 10:27:03  INFO      uvicorn.error  Started server process [24680]
2026-07-24 10:27:03  INFO      uvicorn.error  Waiting for application startup.
2026-07-24 10:27:03  INFO      alembic.runtime.plugins  setup plugin alembic.autogenerate.schemas
2026-07-24 10:27:03  INFO      alembic.runtime.plugins  setup plugin alembic.autogenerate.tables
2026-07-24 10:27:03  INFO      alembic.runtime.plugins  setup plugin alembic.autogenerate.types
2026-07-24 10:27:03  INFO      alembic.runtime.plugins  setup plugin alembic.autogenerate.constraints
2026-07-24 10:27:03  INFO      alembic.runtime.plugins  setup plugin alembic.autogenerate.defaults
2026-07-24 10:27:03  INFO      alembic.runtime.plugins  setup plugin alembic.autogenerate.comments
2026-07-24 09:27:10  WARNING   uvicorn.error  StatReload detected changes in 'app\services\real_backend.py'. Reloading...
2026-07-24 10:27:11  INFO      uvicorn.error  Started server process [7096]
2026-07-24 10:27:11  INFO      uvicorn.error  Waiting for application startup.
2026-07-24 10:27:12  INFO      alembic.runtime.plugins  setup plugin alembic.autogenerate.schemas
2026-07-24 10:27:12  INFO      alembic.runtime.plugins  setup plugin alembic.autogenerate.tables
2026-07-24 10:27:12  INFO      alembic.runtime.plugins  setup plugin alembic.autogenerate.types
2026-07-24 10:27:12  INFO      alembic.runtime.plugins  setup plugin alembic.autogenerate.constraints
2026-07-24 10:27:12  INFO      alembic.runtime.plugins  setup plugin alembic.autogenerate.defaults
2026-07-24 10:27:12  INFO      alembic.runtime.plugins  setup plugin alembic.autogenerate.comments
2026-07-24 09:31:15  WARNING   uvicorn.error  StatReload detected changes in 'app\services\real_backend.py'. Reloading...
2026-07-24 10:31:17  INFO      uvicorn.error  Started server process [7024]
2026-07-24 10:31:17  INFO      uvicorn.error  Waiting for application startup.
2026-07-24 10:31:17  INFO      alembic.runtime.plugins  setup plugin alembic.autogenerate.schemas
2026-07-24 10:31:17  INFO      alembic.runtime.plugins  setup plugin alembic.autogenerate.tables
2026-07-24 10:31:17  INFO      alembic.runtime.plugins  setup plugin alembic.autogenerate.types
2026-07-24 10:31:17  INFO      alembic.runtime.plugins  setup plugin alembic.autogenerate.constraints
2026-07-24 10:31:17  INFO      alembic.runtime.plugins  setup plugin alembic.autogenerate.defaults
2026-07-24 10:31:17  INFO      alembic.runtime.plugins  setup plugin alembic.autogenerate.comments
